[2024-07-02T14:20:29.391+0530] {local_task_job_runner.py:120} INFO - ::group::Pre task execution logs
[2024-07-02T14:20:29.397+0530] {taskinstance.py:2076} INFO - Dependencies all met for dep_context=non-requeueable deps ti=<TaskInstance: bharat_cgpa.sem_6_cgpa manual__2024-07-02T08:49:17.638990+00:00 [queued]>
[2024-07-02T14:20:29.399+0530] {taskinstance.py:2076} INFO - Dependencies all met for dep_context=requeueable deps ti=<TaskInstance: bharat_cgpa.sem_6_cgpa manual__2024-07-02T08:49:17.638990+00:00 [queued]>
[2024-07-02T14:20:29.399+0530] {taskinstance.py:2306} INFO - Starting attempt 2 of 2
[2024-07-02T14:20:29.406+0530] {taskinstance.py:2330} INFO - Executing <Task(PythonOperator): sem_6_cgpa> on 2024-07-02 08:49:17.638990+00:00
[2024-07-02T14:20:29.409+0530] {standard_task_runner.py:63} INFO - Started process 25352 to run task
[2024-07-02T14:20:29.410+0530] {standard_task_runner.py:90} INFO - Running: ['airflow', 'tasks', 'run', 'bharat_cgpa', 'sem_6_cgpa', 'manual__2024-07-02T08:49:17.638990+00:00', '--job-id', '1304', '--raw', '--subdir', 'DAGS_FOLDER/cgpa1.py', '--cfg-path', '/tmp/tmpcqwd3pry']
[2024-07-02T14:20:29.410+0530] {standard_task_runner.py:91} INFO - Job 1304: Subtask sem_6_cgpa
[2024-07-02T14:20:29.425+0530] {task_command.py:426} INFO - Running <TaskInstance: bharat_cgpa.sem_6_cgpa manual__2024-07-02T08:49:17.638990+00:00 [running]> on host ninebit5lm
[2024-07-02T14:20:29.446+0530] {taskinstance.py:2648} INFO - Exporting env vars: AIRFLOW_CTX_DAG_OWNER='airflow' AIRFLOW_CTX_DAG_ID='bharat_cgpa' AIRFLOW_CTX_TASK_ID='sem_6_cgpa' AIRFLOW_CTX_EXECUTION_DATE='2024-07-02T08:49:17.638990+00:00' AIRFLOW_CTX_TRY_NUMBER='2' AIRFLOW_CTX_DAG_RUN_ID='manual__2024-07-02T08:49:17.638990+00:00'
[2024-07-02T14:20:29.447+0530] {taskinstance.py:430} INFO - ::endgroup::
[2024-07-02T14:20:29.447+0530] {taskinstance.py:441} INFO - ::group::Post task execution logs
[2024-07-02T14:20:29.447+0530] {taskinstance.py:2905} ERROR - Task failed with exception
Traceback (most recent call last):
  File "/home/bharat/.local/lib/python3.11/site-packages/airflow/models/taskinstance.py", line 465, in _execute_task
    result = _execute_callable(context=context, **execute_callable_kwargs)
             ^^^^^^^^^^^^^^^^^^^^^^^^^^^^^^^^^^^^^^^^^^^^^^^^^^^^^^^^^^^^^
  File "/home/bharat/.local/lib/python3.11/site-packages/airflow/models/taskinstance.py", line 432, in _execute_callable
    return execute_callable(context=context, **execute_callable_kwargs)
           ^^^^^^^^^^^^^^^^^^^^^^^^^^^^^^^^^^^^^^^^^^^^^^^^^^^^^^^^^^^^
  File "/home/bharat/.local/lib/python3.11/site-packages/airflow/models/baseoperator.py", line 401, in wrapper
    return func(self, *args, **kwargs)
           ^^^^^^^^^^^^^^^^^^^^^^^^^^^
  File "/home/bharat/.local/lib/python3.11/site-packages/airflow/operators/python.py", line 235, in execute
    return_value = self.execute_callable()
                   ^^^^^^^^^^^^^^^^^^^^^^^
  File "/home/bharat/.local/lib/python3.11/site-packages/airflow/operators/python.py", line 252, in execute_callable
    return self.python_callable(*self.op_args, **self.op_kwargs)
           ^^^^^^^^^^^^^^^^^^^^^^^^^^^^^^^^^^^^^^^^^^^^^^^^^^^^^
TypeError: sem1_GPA() missing 1 required positional argument: 'sem1_marks'
[2024-07-02T14:20:29.449+0530] {taskinstance.py:1206} INFO - Marking task as FAILED. dag_id=bharat_cgpa, task_id=sem_6_cgpa, run_id=manual__2024-07-02T08:49:17.638990+00:00, execution_date=20240702T084917, start_date=20240702T085029, end_date=20240702T085029
[2024-07-02T14:20:29.455+0530] {standard_task_runner.py:110} ERROR - Failed to execute job 1304 for task sem_6_cgpa (sem1_GPA() missing 1 required positional argument: 'sem1_marks'; 25352)
[2024-07-02T14:20:29.461+0530] {local_task_job_runner.py:240} INFO - Task exited with return code 1
[2024-07-02T14:20:29.468+0530] {taskinstance.py:3503} INFO - 0 downstream tasks scheduled from follow-on schedule check
[2024-07-02T14:20:29.468+0530] {local_task_job_runner.py:222} INFO - ::endgroup::
