[2024-07-02T12:56:06.334+0530] {local_task_job_runner.py:120} INFO - ::group::Pre task execution logs
[2024-07-02T12:56:06.340+0530] {taskinstance.py:2076} INFO - Dependencies all met for dep_context=non-requeueable deps ti=<TaskInstance: bharat_cgpa.sem_5_cgpa manual__2024-07-02T07:24:55.060149+00:00 [queued]>
[2024-07-02T12:56:06.343+0530] {taskinstance.py:2076} INFO - Dependencies all met for dep_context=requeueable deps ti=<TaskInstance: bharat_cgpa.sem_5_cgpa manual__2024-07-02T07:24:55.060149+00:00 [queued]>
[2024-07-02T12:56:06.343+0530] {taskinstance.py:2306} INFO - Starting attempt 2 of 2
[2024-07-02T12:56:06.350+0530] {taskinstance.py:2330} INFO - Executing <Task(PythonOperator): sem_5_cgpa> on 2024-07-02 07:24:55.060149+00:00
[2024-07-02T12:56:06.352+0530] {standard_task_runner.py:63} INFO - Started process 14067 to run task
[2024-07-02T12:56:06.353+0530] {standard_task_runner.py:90} INFO - Running: ['airflow', 'tasks', 'run', 'bharat_cgpa', 'sem_5_cgpa', 'manual__2024-07-02T07:24:55.060149+00:00', '--job-id', '1263', '--raw', '--subdir', 'DAGS_FOLDER/cgpa1.py', '--cfg-path', '/tmp/tmpdhsiwuta']
[2024-07-02T12:56:06.354+0530] {standard_task_runner.py:91} INFO - Job 1263: Subtask sem_5_cgpa
[2024-07-02T12:56:06.369+0530] {task_command.py:426} INFO - Running <TaskInstance: bharat_cgpa.sem_5_cgpa manual__2024-07-02T07:24:55.060149+00:00 [running]> on host ninebit5lm
[2024-07-02T12:56:06.392+0530] {taskinstance.py:2648} INFO - Exporting env vars: AIRFLOW_CTX_DAG_OWNER='airflow' AIRFLOW_CTX_DAG_ID='bharat_cgpa' AIRFLOW_CTX_TASK_ID='sem_5_cgpa' AIRFLOW_CTX_EXECUTION_DATE='2024-07-02T07:24:55.060149+00:00' AIRFLOW_CTX_TRY_NUMBER='2' AIRFLOW_CTX_DAG_RUN_ID='manual__2024-07-02T07:24:55.060149+00:00'
[2024-07-02T12:56:06.392+0530] {taskinstance.py:430} INFO - ::endgroup::
[2024-07-02T12:56:06.392+0530] {taskinstance.py:441} INFO - ::group::Post task execution logs
[2024-07-02T12:56:06.393+0530] {taskinstance.py:2905} ERROR - Task failed with exception
Traceback (most recent call last):
  File "/home/bharat/.local/lib/python3.11/site-packages/airflow/models/taskinstance.py", line 465, in _execute_task
    result = _execute_callable(context=context, **execute_callable_kwargs)
             ^^^^^^^^^^^^^^^^^^^^^^^^^^^^^^^^^^^^^^^^^^^^^^^^^^^^^^^^^^^^^
  File "/home/bharat/.local/lib/python3.11/site-packages/airflow/models/taskinstance.py", line 432, in _execute_callable
    return execute_callable(context=context, **execute_callable_kwargs)
           ^^^^^^^^^^^^^^^^^^^^^^^^^^^^^^^^^^^^^^^^^^^^^^^^^^^^^^^^^^^^
  File "/home/bharat/.local/lib/python3.11/site-packages/airflow/models/baseoperator.py", line 401, in wrapper
    return func(self, *args, **kwargs)
           ^^^^^^^^^^^^^^^^^^^^^^^^^^^
  File "/home/bharat/.local/lib/python3.11/site-packages/airflow/operators/python.py", line 235, in execute
    return_value = self.execute_callable()
                   ^^^^^^^^^^^^^^^^^^^^^^^
  File "/home/bharat/.local/lib/python3.11/site-packages/airflow/operators/python.py", line 252, in execute_callable
    return self.python_callable(*self.op_args, **self.op_kwargs)
           ^^^^^^^^^^^^^^^^^^^^^^^^^^^^^^^^^^^^^^^^^^^^^^^^^^^^^
TypeError: sem1_GPA() missing 1 required positional argument: 'sem1_marks'
[2024-07-02T12:56:06.394+0530] {taskinstance.py:1206} INFO - Marking task as FAILED. dag_id=bharat_cgpa, task_id=sem_5_cgpa, run_id=manual__2024-07-02T07:24:55.060149+00:00, execution_date=20240702T072455, start_date=20240702T072606, end_date=20240702T072606
[2024-07-02T12:56:06.400+0530] {standard_task_runner.py:110} ERROR - Failed to execute job 1263 for task sem_5_cgpa (sem1_GPA() missing 1 required positional argument: 'sem1_marks'; 14067)
[2024-07-02T12:56:06.404+0530] {local_task_job_runner.py:240} INFO - Task exited with return code 1
[2024-07-02T12:56:06.412+0530] {taskinstance.py:3503} INFO - 0 downstream tasks scheduled from follow-on schedule check
[2024-07-02T12:56:06.412+0530] {local_task_job_runner.py:222} INFO - ::endgroup::
